<?xml version="1.0" encoding="UTF-8"?>
<testsuite xmlns:xsi="http://www.w3.org/2001/XMLSchema-instance" xsi:noNamespaceSchemaLocation="https://maven.apache.org/surefire/maven-surefire-plugin/xsd/surefire-test-report-3.0.xsd" version="3.0" name="local.JniCertificateSha1ParentNativeIntegrationTest" time="6.012" tests="1" errors="0" skipped="0" failures="0">
  <properties>
[...]
</properties>
  <testcase name="originalSoPublishesTwentyByteCertificateSha1AndCleansParentRefs" classname="local.JniCertificateSha1ParentNativeIntegrationTest" time="5.988">
    <system-out><![CDATA[loaded libsigner.so base=0x12340000 size=0x148000
1e578 status=0->0 api=35 signatureArray=1252b961 signature=9ed238c certificateBytes=51e8e6e6 digest=36676c1a digestBytes=5b408dc3 elements=12022000 length=20 sha1=c0cfa6f8ecb636b7d03915227b2ce6517c514ef6 deletes=[912747546, 1374217958, 1530957251, 307411297] events=[copy20, release-elements, delete-1eb04, delete-1ee98, delete-1ecd0, delete-1f008]
]]></system-out>
    <system-err><![CDATA[[main]V/signer: Signing all the parameters begin: 2026-07-15T00:01:48.961Z-0400
[main]V/signer: Signing all the parameters end  : 2026-07-15T00:01:53.352Z-0400
]]></system-err>
  </testcase>
</testsuite>