<?xml version="1.0" encoding="UTF-8"?>
<testsuite xmlns:xsi="http://www.w3.org/2001/XMLSchema-instance" xsi:noNamespaceSchemaLocation="https://maven.apache.org/surefire/maven-surefire-plugin/xsd/surefire-test-report-3.0.xsd" version="3.0" name="local.JniCipherInitNativeIntegrationTest" time="15.347" tests="1" errors="0" skipped="0" failures="0">
  <properties>
[...]
</properties>
  <testcase name="originalSoInitializesLegacyDecryptCipherWithCallerKey" classname="local.JniCipherInitNativeIntegrationTest" time="15.33">
    <system-out><![CDATA[loaded libsigner.so base=0x12340000 size=0x148000
96ea8 entries=1 status=0->0 method=init signature=(ILjava/security/Key;)V mode=2/2 cipherForward=true keyForward=true exception=0 deletes=1
]]></system-out>
    <system-err><![CDATA[[main] WARN com.github.unidbg.Utils - read path=java.io.RandomAccessFile@e6516e, fp=10674152, _count=4096, length=10670710, buffer=RW@0x12309000
]]></system-err>
  </testcase>
</testsuite>