<?xml version="1.0" encoding="UTF-8"?>
<testsuite xmlns:xsi="http://www.w3.org/2001/XMLSchema-instance" xsi:noNamespaceSchemaLocation="https://maven.apache.org/surefire/maven-surefire-plugin/xsd/surefire-test-report-3.0.xsd" version="3.0" name="local.RecoveredNativeBackendIntegrationTest" time="34.598" tests="21" errors="0" skipped="0" failures="0">
  <properties>
[...]
</properties>
  <testcase name="recoveredSourceBackendRecognizesApplicationSourceDirInProcMaps" classname="local.RecoveredNativeBackendIntegrationTest" time="0.258">
    <system-out><![CDATA[[main]V/SignerInstance: Signing all the parameters begin: 2026-07-15T16:22:25.578+0800
[main]V/SignerInstance: Calling native begin: 2026-07-15T16:22:25.605+0800
[main]V/SignerInstance: Calling native end  : 2026-07-15T16:22:25.657+0800
[main]V/SignerInstance: Signing all the parameters end  : 2026-07-15T16:22:25.658+0800
]]></system-out>
  </testcase>
  <testcase name="recoveredSourceBackendUsesUnidbgSdk23FallbackWhenPropertyIsMissing" classname="local.RecoveredNativeBackendIntegrationTest" time="0.036">
    <system-out><![CDATA[[main]V/SignerInstance: Signing all the parameters begin: 2026-07-15T16:22:25.679+0800
[main]V/SignerInstance: Calling native begin: 2026-07-15T16:22:25.679+0800
[main]V/SignerInstance: Calling native end  : 2026-07-15T16:22:25.704+0800
[main]V/SignerInstance: Signing all the parameters end  : 2026-07-15T16:22:25.705+0800
]]></system-out>
  </testcase>
  <testcase name="recoveredSourceBackendMatchesSeventeenCorrectionOriginalSoOracle" classname="local.RecoveredNativeBackendIntegrationTest" time="0.022">
    <system-out><![CDATA[[main]V/SignerInstance: Signing all the parameters begin: 2026-07-15T16:22:25.714+0800
[main]V/SignerInstance: Calling native begin: 2026-07-15T16:22:25.715+0800
[main]V/SignerInstance: Calling native end  : 2026-07-15T16:22:25.728+0800
[main]V/SignerInstance: Signing all the parameters end  : 2026-07-15T16:22:25.729+0800
]]></system-out>
  </testcase>
  <testcase name="recoveredSourceBackendDerivesMissingCmdlineCorrection34" classname="local.RecoveredNativeBackendIntegrationTest" time="0.095">
    <system-out><![CDATA[[main]V/SignerInstance: Signing all the parameters begin: 2026-07-15T16:22:25.733+0800
[main]V/SignerInstance: Calling native begin: 2026-07-15T16:22:25.804+0800
[main]V/SignerInstance: Calling native end  : 2026-07-15T16:22:25.824+0800
[main]V/SignerInstance: Signing all the parameters end  : 2026-07-15T16:22:25.824+0800
]]></system-out>
  </testcase>
  <testcase name="recoveredSourceBackendDerivesSystemSdkMismatchCorrection" classname="local.RecoveredNativeBackendIntegrationTest" time="0.022">
    <system-out><![CDATA[[main]V/SignerInstance: Signing all the parameters begin: 2026-07-15T16:22:25.829+0800
[main]V/SignerInstance: Calling native begin: 2026-07-15T16:22:25.830+0800
[main]V/SignerInstance: Calling native end  : 2026-07-15T16:22:25.847+0800
[main]V/SignerInstance: Signing all the parameters end  : 2026-07-15T16:22:25.847+0800
]]></system-out>
  </testcase>
  <testcase name="recoveredSourceBackendDerivesApkCertificateMismatchCorrection" classname="local.RecoveredNativeBackendIntegrationTest" time="0.023">
    <system-out><![CDATA[[main]V/SignerInstance: Signing all the parameters begin: 2026-07-15T16:22:25.852+0800
[main]V/SignerInstance: Calling native begin: 2026-07-15T16:22:25.852+0800
[main]V/SignerInstance: Calling native end  : 2026-07-15T16:22:25.870+0800
[main]V/SignerInstance: Signing all the parameters end  : 2026-07-15T16:22:25.870+0800
]]></system-out>
  </testcase>
  <testcase name="recoveredSourceBackendDerivesSparseApi23OriginalSoCorrectionVector" classname="local.RecoveredNativeBackendIntegrationTest" time="0.027">
    <system-out><![CDATA[[main]V/SignerInstance: Signing all the parameters begin: 2026-07-15T16:22:25.874+0800
[main]V/SignerInstance: Calling native begin: 2026-07-15T16:22:25.874+0800
[main]V/SignerInstance: Calling native end  : 2026-07-15T16:22:25.898+0800
[main]V/SignerInstance: Signing all the parameters end  : 2026-07-15T16:22:25.898+0800
]]></system-out>
  </testcase>
  <testcase name="recoveredSourceBackendDerivesPublicSourcePathCorrections" classname="local.RecoveredNativeBackendIntegrationTest" time="0.021">
    <system-out><![CDATA[[main]V/SignerInstance: Signing all the parameters begin: 2026-07-15T16:22:25.902+0800
[main]V/SignerInstance: Calling native begin: 2026-07-15T16:22:25.902+0800
[main]V/SignerInstance: Calling native end  : 2026-07-15T16:22:25.919+0800
[main]V/SignerInstance: Signing all the parameters end  : 2026-07-15T16:22:25.919+0800
]]></system-out>
  </testcase>
  <testcase name="recoveredSourceBackendMatchesNineCorrectionDynamicPayload" classname="local.RecoveredNativeBackendIntegrationTest" time="0.022">
    <system-out><![CDATA[[main]V/SignerInstance: Signing all the parameters begin: 2026-07-15T16:22:25.926+0800
[main]V/SignerInstance: Calling native begin: 2026-07-15T16:22:25.927+0800
[main]V/SignerInstance: Calling native end  : 2026-07-15T16:22:25.942+0800
[main]V/SignerInstance: Signing all the parameters end  : 2026-07-15T16:22:25.942+0800
]]></system-out>
  </testcase>
  <testcase name="recoveredSourceBackendDerivesNonMatchingProcMapsCorrections" classname="local.RecoveredNativeBackendIntegrationTest" time="0.019">
    <system-out><![CDATA[[main]V/SignerInstance: Signing all the parameters begin: 2026-07-15T16:22:25.946+0800
[main]V/SignerInstance: Calling native begin: 2026-07-15T16:22:25.947+0800
[main]V/SignerInstance: Calling native end  : 2026-07-15T16:22:25.961+0800
[main]V/SignerInstance: Signing all the parameters end  : 2026-07-15T16:22:25.962+0800
]]></system-out>
  </testcase>
  <testcase name="recoveredSourceBackendDerivesProcessNameMismatchCorrection09" classname="local.RecoveredNativeBackendIntegrationTest" time="0.082">
    <system-out><![CDATA[[main]V/SignerInstance: Signing all the parameters begin: 2026-07-15T16:22:25.968+0800
[main]V/SignerInstance: Calling native begin: 2026-07-15T16:22:26.026+0800
[main]V/SignerInstance: Calling native end  : 2026-07-15T16:22:26.044+0800
[main]V/SignerInstance: Signing all the parameters end  : 2026-07-15T16:22:26.044+0800
]]></system-out>
  </testcase>
  <testcase name="recoveredSourceBackendDerivesMissingProcMapsCorrections" classname="local.RecoveredNativeBackendIntegrationTest" time="0.016">
    <system-out><![CDATA[[main]V/SignerInstance: Signing all the parameters begin: 2026-07-15T16:22:26.048+0800
[main]V/SignerInstance: Calling native begin: 2026-07-15T16:22:26.049+0800
[main]V/SignerInstance: Calling native end  : 2026-07-15T16:22:26.061+0800
[main]V/SignerInstance: Signing all the parameters end  : 2026-07-15T16:22:26.062+0800
]]></system-out>
  </testcase>
  <testcase name="recoveredSourceBackendDerivesEmptyProcMapsCorrections" classname="local.RecoveredNativeBackendIntegrationTest" time="0.019">
    <system-out><![CDATA[[main]V/SignerInstance: Signing all the parameters begin: 2026-07-15T16:22:26.066+0800
[main]V/SignerInstance: Calling native begin: 2026-07-15T16:22:26.066+0800
[main]V/SignerInstance: Calling native end  : 2026-07-15T16:22:26.081+0800
[main]V/SignerInstance: Signing all the parameters end  : 2026-07-15T16:22:26.081+0800
]]></system-out>
  </testcase>
  <testcase name="recoveredSourceBackendMatchesOriginalSoWhenOptionalFieldsAreMissing" classname="local.RecoveredNativeBackendIntegrationTest" time="0.024">
    <system-out><![CDATA[[main]V/SignerInstance: Signing all the parameters begin: 2026-07-15T16:22:26.085+0800
[main]V/SignerInstance: Calling native begin: 2026-07-15T16:22:26.086+0800
[main]V/SignerInstance: Calling native end  : 2026-07-15T16:22:26.105+0800
[main]V/SignerInstance: Signing all the parameters end  : 2026-07-15T16:22:26.106+0800
]]></system-out>
  </testcase>
  <testcase name="recoveredSourceBackendDerivesInvalidJavaHmacCorrection07" classname="local.RecoveredNativeBackendIntegrationTest" time="0.024"/>
  <testcase name="recoveredSourceBackendAcceptsMatchingSystemSdkIndependentOfApi" classname="local.RecoveredNativeBackendIntegrationTest" time="0.031">
    <system-out><![CDATA[[main]V/SignerInstance: Signing all the parameters begin: 2026-07-15T16:22:26.137+0800
[main]V/SignerInstance: Calling native begin: 2026-07-15T16:22:26.138+0800
[main]V/SignerInstance: Calling native end  : 2026-07-15T16:22:26.162+0800
[main]V/SignerInstance: Signing all the parameters end  : 2026-07-15T16:22:26.162+0800
]]></system-out>
  </testcase>
  <testcase name="recoveredSourceBackendMatchesOriginalSoWithCorrection05Disabled" classname="local.RecoveredNativeBackendIntegrationTest" time="0.033">
    <system-out><![CDATA[[main]V/SignerInstance: Signing all the parameters begin: 2026-07-15T16:22:26.168+0800
[main]V/SignerInstance: Calling native begin: 2026-07-15T16:22:26.168+0800
[main]V/SignerInstance: Calling native end  : 2026-07-15T16:22:26.195+0800
[main]V/SignerInstance: Signing all the parameters end  : 2026-07-15T16:22:26.195+0800
]]></system-out>
  </testcase>
  <testcase name="recoveredSourceBackendExactlyMatchesFrozenPixelReference" classname="local.RecoveredNativeBackendIntegrationTest" time="0.031">
    <system-out><![CDATA[[main]V/SignerInstance: Signing all the parameters begin: 2026-07-15T16:22:26.200+0800
[main]V/SignerInstance: Calling native begin: 2026-07-15T16:22:26.201+0800
[main]V/SignerInstance: Calling native end  : 2026-07-15T16:22:26.221+0800
[main]V/SignerInstance: Signing all the parameters end  : 2026-07-15T16:22:26.221+0800
]]></system-out>
  </testcase>
  <testcase name="recoveredSourceBackendDoesNotTreatManifestPackageAsCorrection09" classname="local.RecoveredNativeBackendIntegrationTest" time="0.041">
    <system-out><![CDATA[[main]V/SignerInstance: Signing all the parameters begin: 2026-07-15T16:22:26.232+0800
[main]V/SignerInstance: Calling native begin: 2026-07-15T16:22:26.252+0800
[main]V/SignerInstance: Calling native end  : 2026-07-15T16:22:26.268+0800
[main]V/SignerInstance: Signing all the parameters end  : 2026-07-15T16:22:26.268+0800
]]></system-out>
  </testcase>
  <testcase name="recoveredSourceBackendDerivesMissingArtRuntimeCorrection2f" classname="local.RecoveredNativeBackendIntegrationTest" time="0.021">
    <system-out><![CDATA[[main]V/SignerInstance: Signing all the parameters begin: 2026-07-15T16:22:26.272+0800
[main]V/SignerInstance: Calling native begin: 2026-07-15T16:22:26.272+0800
[main]V/SignerInstance: Calling native end  : 2026-07-15T16:22:26.289+0800
[main]V/SignerInstance: Signing all the parameters end  : 2026-07-15T16:22:26.289+0800
]]></system-out>
  </testcase>
  <testcase name="v3OnlyApkCertificateCorrectionExactlyMatchesOriginalSo" classname="local.RecoveredNativeBackendIntegrationTest" time="33.695">
    <system-out><![CDATA[loaded libsigner.so base=0x12340000 size=0x148000
[main]V/SignerInstance: Signing all the parameters begin: 2026-07-15T16:22:28.279+0800
[main]V/SignerInstance: Calling native begin: 2026-07-15T16:22:28.279+0800
[main]V/SignerInstance: Calling native end  : 2026-07-15T16:22:43.326+0800
[main]V/SignerInstance: Signing all the parameters end  : 2026-07-15T16:22:43.327+0800
[main]V/SignerInstance: Signing all the parameters begin: 2026-07-15T16:22:43.331+0800
[main]V/SignerInstance: Calling native begin: 2026-07-15T16:22:43.331+0800
[main]V/SignerInstance: Calling native end  : 2026-07-15T16:22:43.361+0800
[main]V/SignerInstance: Signing all the parameters end  : 2026-07-15T16:22:43.361+0800
loaded libsigner.so base=0x12340000 size=0x148000
[main]V/SignerInstance: Signing all the parameters begin: 2026-07-15T16:22:43.562+0800
[main]V/SignerInstance: Calling native begin: 2026-07-15T16:22:43.563+0800
[main]V/SignerInstance: Calling native end  : 2026-07-15T16:22:59.955+0800
[main]V/SignerInstance: Signing all the parameters end  : 2026-07-15T16:22:59.955+0800
[main]V/SignerInstance: Signing all the parameters begin: 2026-07-15T16:22:59.961+0800
[main]V/SignerInstance: Calling native begin: 2026-07-15T16:22:59.961+0800
[main]V/SignerInstance: Calling native end  : 2026-07-15T16:22:59.984+0800
[main]V/SignerInstance: Signing all the parameters end  : 2026-07-15T16:22:59.984+0800
]]></system-out>
    <system-err><![CDATA[[main] WARN com.github.unidbg.Utils - read path=java.io.RandomAccessFile@787f32b7, fp=10674152, _count=4096, length=10670511, buffer=RW@0x12309000
[main] WARN com.github.unidbg.Utils - read path=java.io.RandomAccessFile@4088741b, fp=10674152, _count=4096, length=10670511, buffer=RW@0x12309000
]]></system-err>
  </testcase>
</testsuite>