<?xml version="1.0" encoding="UTF-8"?>
<testsuite xmlns:xsi="http://www.w3.org/2001/XMLSchema-instance" xsi:noNamespaceSchemaLocation="https://maven.apache.org/surefire/maven-surefire-plugin/xsd/surefire-test-report-3.0.xsd" version="3.0" name="local.SignerEngineNativeIntegrationTest" time="12.241" tests="1" errors="0" skipped="0" failures="0">
  <properties>
[...]
</properties>
  <testcase name="structuredDeviceProfileRunsRealNativeV4AndV5" classname="local.SignerEngineNativeIntegrationTest" time="12.226">
    <system-out><![CDATA[loaded libsigner.so base=0x12340000 size=0x148000
[main]V/SignerInstance: Signing all the parameters begin: 2026-07-15T04:50:46.782+0800
[main]V/SignerInstance: Calling native begin: 2026-07-15T04:50:46.795+0800
[main]V/SignerInstance: Calling native end  : 2026-07-15T04:50:50.321+0800
[main]V/SignerInstance: Signing all the parameters end  : 2026-07-15T04:50:50.322+0800
[main]V/SignerInstance: Signing all the parameters begin: 2026-07-15T04:50:50.323+0800
[main]V/SignerInstance: Calling native begin: 2026-07-15T04:50:50.323+0800
[main]V/SignerInstance: Calling native end  : 2026-07-15T04:50:53.845+0800
[main]V/SignerInstance: Signing all the parameters end  : 2026-07-15T04:50:53.845+0800
[main]V/SignerInstance: SDKv5 Signing all the parameters begin: 2026-07-15T04:50:53.845+0800
[main]V/SignerInstance: Signing all the parameters begin: 2026-07-15T04:50:53.845+0800
[main]V/SignerInstance: Calling native begin: 2026-07-15T04:50:53.846+0800
[main]V/SignerInstance: Calling native end  : 2026-07-15T04:50:57.281+0800
[main]V/SignerInstance: Signing all the parameters end  : 2026-07-15T04:50:57.281+0800
[main]V/SignerInstance: SDKv5 Signing all the parameters end  : 2026-07-15T04:50:57.286+0800
]]></system-out>
    <system-err><![CDATA[[main]V/signer: Signing all the parameters begin: 2025-10-09T04:53:20.123Z-0400
[qbdi-host] detector-scratch stage=producer-entry caller=libsigner.so+0xf3c0 env=unidbg@0xfffe1640 context=unidbg@0x4de41af9 scratch=unidbg@0xe4ffe9e8
[qbdi-host] detector-scratch stage=property-entry caller=libsigner.so+0x8d27c name=ro.bootloader output=unidbg@0xe4ffe260
[qbdi-host] detector-scratch stage=property-return caller=libsigner.so+0x8d27c name=ro.bootloader length=6 value=BHZ10i
[qbdi-host] detector-scratch stage=malloc-entry caller=libsigner.so+0x8bc40 size=7/0x7
[qbdi-host] detector-scratch stage=malloc-return caller=libsigner.so+0x8bc40 size=7/0x7 result=0x12317078
[qbdi-host] detector-scratch stage=property-entry caller=libsigner.so+0x8b248 name=ro.product.manufacturer output=unidbg@0xe4ffe260
[qbdi-host] detector-scratch stage=property-return caller=libsigner.so+0x8b248 name=ro.product.manufacturer length=3 value=LGE
[qbdi-host] detector-scratch stage=malloc-entry caller=libsigner.so+0x8ea34 size=4/0x4
[qbdi-host] detector-scratch stage=malloc-return caller=libsigner.so+0x8ea34 size=4/0x4 result=0x12317080
[qbdi-host] detector-scratch stage=property-entry caller=libsigner.so+0x8dd04 name=ro.product.model output=unidbg@0xe4ffe260
[qbdi-host] detector-scratch stage=property-return caller=libsigner.so+0x8dd04 name=ro.product.model length=8 value=Nexus 5X
[qbdi-host] detector-scratch stage=malloc-entry caller=libsigner.so+0x8e410 size=9/0x9
[qbdi-host] detector-scratch stage=malloc-return caller=libsigner.so+0x8e410 size=9/0x9 result=0x1231f0c0
[qbdi-host] detector-scratch stage=property-entry caller=libsigner.so+0x8c0ec name=ro.product.device output=unidbg@0xe4ffe260
[qbdi-host] detector-scratch stage=property-return caller=libsigner.so+0x8c0ec name=ro.product.device length=8 value=bullhead
[qbdi-host] detector-scratch stage=malloc-entry caller=libsigner.so+0x8c554 size=9/0x9
[qbdi-host] detector-scratch stage=malloc-return caller=libsigner.so+0x8c554 size=9/0x9 result=0x1231f0d0
[qbdi-host] detector-scratch stage=property-entry caller=libsigner.so+0x8eeac name=ro.build.display.id output=unidbg@0xe4ffe260
[qbdi-host] detector-scratch stage=property-return caller=libsigner.so+0x8eeac name=ro.build.display.id length=6 value=MDA89E
[qbdi-host] detector-scratch stage=malloc-entry caller=libsigner.so+0x8f2b0 size=7/0x7
[qbdi-host] detector-scratch stage=malloc-return caller=libsigner.so+0x8f2b0 size=7/0x7 result=0x12317088
[qbdi-host] detector-scratch stage=property-entry caller=libsigner.so+0x8b5bc name=ro.product.name output=unidbg@0xe4ffe260
[qbdi-host] detector-scratch stage=property-return caller=libsigner.so+0x8b5bc name=ro.product.name length=8 value=bullhead
[qbdi-host] detector-scratch stage=malloc-entry caller=libsigner.so+0x8b8e4 size=9/0x9
[qbdi-host] detector-scratch stage=malloc-return caller=libsigner.so+0x8b8e4 size=9/0x9 result=0x1231f0e0
[qbdi-host] detector-scratch stage=property-entry caller=libsigner.so+0x8e960 name=ro.build.host output=unidbg@0xe4ffe260
[qbdi-host] detector-scratch stage=property-return caller=libsigner.so+0x8e960 name=ro.build.host length=26 value=vpef12.mtv.corp.google.com
[qbdi-host] detector-scratch stage=malloc-entry caller=libsigner.so+0x8aa4c size=27/0x1b
[qbdi-host] detector-scratch stage=malloc-return caller=libsigner.so+0x8aa4c size=27/0x1b result=0x12318320
[qbdi-host] detector-scratch stage=property-entry caller=libsigner.so+0x8d300 name=ro.build.fingerprint output=unidbg@0xe4ffe260
[qbdi-host] detector-scratch stage=property-return caller=libsigner.so+0x8d300 name=ro.build.fingerprint length=61 value=google/bullhead/bullhead:6.0/MDA89E/2296692:user/release-keys
[qbdi-host] detector-scratch stage=malloc-entry caller=libsigner.so+0x8b180 size=62/0x3e
[qbdi-host] detector-scratch stage=malloc-return caller=libsigner.so+0x8b180 size=62/0x3e result=0x1231ec40
[qbdi-host] detector-scratch stage=property-entry caller=libsigner.so+0x8b7b0 name=ro.build.type output=unidbg@0xe4ffe260
[qbdi-host] detector-scratch stage=property-return caller=libsigner.so+0x8b7b0 name=ro.build.type length=4 value=user
[qbdi-host] detector-scratch stage=malloc-entry caller=libsigner.so+0x8b888 size=5/0x5
[qbdi-host] detector-scratch stage=malloc-return caller=libsigner.so+0x8b888 size=5/0x5 result=0x12317090
[qbdi-host] detector-scratch stage=property-entry caller=libsigner.so+0x8d9b4 name=ro.product.brand output=unidbg@0xe4ffe260
[qbdi-host] detector-scratch stage=property-return caller=libsigner.so+0x8d9b4 name=ro.product.brand length=6 value=google
[qbdi-host] detector-scratch stage=malloc-entry caller=libsigner.so+0x8d038 size=7/0x7
[qbdi-host] detector-scratch stage=malloc-return caller=libsigner.so+0x8d038 size=7/0x7 result=0x12317098
[qbdi-host] detector-scratch stage=property-entry caller=libsigner.so+0x8b36c name=ro.build.user output=unidbg@0xe4ffe260
[qbdi-host] detector-scratch stage=property-return caller=libsigner.so+0x8b36c name=ro.build.user length=13 value=android-build
[qbdi-host] detector-scratch stage=malloc-entry caller=libsigner.so+0x8c9d4 size=14/0xe
[qbdi-host] detector-scratch stage=malloc-return caller=libsigner.so+0x8c9d4 size=14/0xe result=0x1231f0f0
[qbdi-host] detector-scratch stage=property-entry caller=libsigner.so+0x8b9ac name=ro.hardware output=unidbg@0xe4ffe260
[qbdi-host] detector-scratch stage=property-return caller=libsigner.so+0x8b9ac name=ro.hardware length=8 value=bullhead
[qbdi-host] detector-scratch stage=malloc-entry caller=libsigner.so+0x8f250 size=9/0x9
[qbdi-host] detector-scratch stage=malloc-return caller=libsigner.so+0x8f250 size=9/0x9 result=0x1231f100
[qbdi-host] detector-scratch stage=property-entry caller=libsigner.so+0x8bd78 name=ro.product.cpu.abilist output=unidbg@0xe4ffe260
[qbdi-host] detector-scratch stage=property-return caller=libsigner.so+0x8bd78 name=ro.product.cpu.abilist length=29 value=arm64-v8a,armeabi-v7a,armeabi
[qbdi-host] detector-scratch stage=malloc-entry caller=libsigner.so+0x8db58 size=30/0x1e
[qbdi-host] detector-scratch stage=malloc-return caller=libsigner.so+0x8db58 size=30/0x1e result=0x12318340
[qbdi-host] detector-scratch stage=system-service-entry caller=libsigner.so+0x8af28 status=0x0 context=unidbg@0x4de41af9 field=SENSOR_SERVICE output=unidbg@0xe4ffe350
[qbdi-host] detector-scratch stage=system-service-return status=0x0 field=SENSOR_SERVICE handle=0x277f7dd3 type=android/hardware/SensorManager
[qbdi-host] detector-scratch stage=sensor-list-entry caller=libsigner.so+0x8cc64 status=0x0 manager=unidbg@0x277f7dd3 type=-1 output=unidbg@0xe4ffe340
[qbdi-host] detector-scratch stage=sensor-list-return status=0x0 handle=0x6c8bca63 type=java/util/ArrayList value=[android.hardware.Sensor@2364305a]
[qbdi-host] detector-scratch stage=size-entry caller=libsigner.so+0x8da64 status=0x0 object=unidbg@0x6c8bca63 output=unidbg@0xe4ffe330 initial=0x0
[qbdi-host] detector-scratch stage=size-return status=0x0 value=1/0x1
[qbdi-host] detector-scratch stage=get-entry caller=libsigner.so+0x8e35c status=0x0 object=unidbg@0x6c8bca63 index=0 output=unidbg@0xe4ffe320 initial=0x0
[qbdi-host] detector-scratch stage=get-return status=0x0 index=0 handle=0x2364305a type=android/hardware/Sensor value=local.DeviceProfile$Sensor@470a696f
[qbdi-host] detector-scratch stage=sensor-name-entry caller=libsigner.so+0x8bf64 status=0x0 sensor=unidbg@0x2364305a output=unidbg@0xe4ffe310
[qbdi-host] detector-scratch stage=sensor-name-return status=0x0 handle=0x1bc715b8 type=java/lang/String value=LSM6DSO
[qbdi-host] detector-scratch stage=sensor-utf-entry caller=libsigner.so+0x8ad40 status=0x0 string=unidbg@0x1bc715b8 chars-output=unidbg@0xe4ffe2f0 length-output=unidbg@0xe4ffe2e0
[qbdi-host] detector-scratch stage=sensor-utf-return caller=libsigner.so+0x8ad40 status=0x0 string=unidbg@0x1bc715b8 chars=0x12022000 length=7 value=LSM6DSO
[qbdi-host] detector-scratch stage=sensor-vendor-entry caller=libsigner.so+0x8ca78 status=0x0 sensor=unidbg@0x2364305a output=unidbg@0xe4ffe300
[qbdi-host] detector-scratch stage=sensor-vendor-return status=0x0 handle=0x292d1c71 type=java/lang/String value=STMicroelectronics
[qbdi-host] detector-scratch stage=sensor-utf-entry caller=libsigner.so+0x8ec38 status=0x0 string=unidbg@0x292d1c71 chars-output=unidbg@0xe4ffe2d0 length-output=unidbg@0xe4ffe2c0
[qbdi-host] detector-scratch stage=sensor-utf-return caller=libsigner.so+0x8ec38 status=0x0 string=unidbg@0x292d1c71 chars=0x12023000 length=18 value=STMicroelectronics
[qbdi-host] detector-scratch stage=sensor-pair-entry caller=libsigner.so+0x8bcd0 first=LSM6DSO first-length=7 second=STMicroelectronics second-length=18 count=0
[qbdi-host] detector-scratch stage=sensor-pair-return status=0x0 first-length=7 second-length=18 count=1
[qbdi-host] detector-scratch stage=sensor-utf-release caller=libsigner.so+0x8a84c string=unidbg@0x1bc715b8 chars=RW@0x12022000[libc++.so]0x2000
[qbdi-host] detector-scratch stage=sensor-utf-release caller=libsigner.so+0x8d114 string=unidbg@0x292d1c71 chars=RW@0x12023000[libc++.so]0x3000
[qbdi-host] detector-scratch stage=delete-local-ref pc=libsigner.so+0x8e158 ref=unidbg@0x277f7dd3 type=android/hardware/SensorManager value=service:sensor
[qbdi-host] detector-scratch stage=delete-local-ref pc=libsigner.so+0x8dbfc ref=unidbg@0x6c8bca63 type=java/util/ArrayList value=[android.hardware.Sensor@2364305a]
[qbdi-host] detector-scratch stage=delete-local-ref pc=libsigner.so+0x8cd38 ref=unidbg@0x2364305a type=android/hardware/Sensor value=local.DeviceProfile$Sensor@470a696f
[qbdi-host] detector-scratch stage=delete-local-ref pc=libsigner.so+0x8c22c ref=unidbg@0x1bc715b8 type=java/lang/String value=LSM6DSO
[qbdi-host] detector-scratch stage=delete-local-ref pc=libsigner.so+0x8dde0 ref=unidbg@0x292d1c71 type=java/lang/String value=STMicroelectronics
[qbdi-host] detector-scratch stage=system-resources-entry caller=libsigner.so+0x8c2a4 status=0x0 output=unidbg@0xe4ffe380
[qbdi-host] detector-scratch stage=system-resources-return status=0x0 handle=0x2b491fee type=android/content/res/Resources value=system-resources
[qbdi-host] detector-scratch stage=display-metrics-entry caller=libsigner.so+0x8e9cc status=0x0 object=unidbg@0x2b491fee output=unidbg@0xe4ffe370 initial=0x0
[qbdi-host] detector-scratch stage=display-metrics-return status=0x0 handle=0x3f1c5af9 type=android/util/DisplayMetrics
[qbdi-host] detector-scratch stage=int-field-entry caller=libsigner.so+0x8d568 name=widthPixels status=0x0 object=unidbg@0x3f1c5af9 output=unidbg@0xe4ffea48 scratch-offset=0x60 initial=0x0
[qbdi-host] detector-scratch stage=int-field-return pc=libsigner.so+0x8d568 name=widthPixels status=0x0 value=1440/0x5a0
[qbdi-host] detector-scratch stage=int-field-entry caller=libsigner.so+0x8c324 name=heightPixels status=0x0 object=unidbg@0x3f1c5af9 output=unidbg@0xe4ffea4c scratch-offset=0x64 initial=0x0
[qbdi-host] detector-scratch stage=int-field-return pc=libsigner.so+0x8c324 name=heightPixels status=0x0 value=3120/0xc30
[qbdi-host] detector-scratch stage=delete-local-ref pc=libsigner.so+0x8c754 ref=unidbg@0x3f1c5af9 type=android/util/DisplayMetrics value=display-metrics
[qbdi-host] detector-scratch stage=delete-local-ref pc=libsigner.so+0x8b53c ref=unidbg@0x2b491fee type=android/content/res/Resources value=system-resources
[qbdi-host] detector-scratch stage=producer-return status=0x0 scratch=unidbg@0xe4ffe9e8 width-height-pair=0x5a0/0xc30 string-count=1
[qbdi-host] detector-scratch stage=raw-pointers +0x00=0x1231f0e0 +0x08=0x12317080 +0x10=0x12317098 +0x18=0x1231f0c0 +0x20=0x1231f0d0 +0x28=0x12317088 +0x30=0x1231ec40 +0x38=0x12317090 +0x40=0x1231f100 +0x48=0x12317078 +0x50=0x1231f0f0 +0x58=0x12318320 +0x68=0x12318340
[qbdi-host] detector-scratch stage=all-fields +0x00=bullhead +0x08=LGE +0x10=google +0x18=Nexus 5X +0x20=bullhead +0x28=MDA89E +0x30=google/bullhead/bullhead:6.0/MDA89E/2296692:user/release-keys +0x38=user +0x40=bullhead +0x48=BHZ10i +0x50=android-build +0x58=vpef12.mtv.corp.google.com +0x68=arm64-v8a,armeabi-v7a,armeabi
[qbdi-host] detector-scratch stage=fixed-fields +0x00=bullhead +0x08=LGE +0x10=google +0x18=Nexus 5X +0x20=bullhead +0x30=google/bullhead/bullhead:6.0/MDA89E/2296692:user/release-keys +0x38=user +0x40=bullhead +0x50=android-build
[qbdi-host] detector-scratch stage=dynamic-pairs [0]=LSM6DSO|STMicroelectronics
[main]V/signer: Signing all the parameters end  : 2025-10-09T04:53:20.123Z-0400
[main]V/signer: Signing all the parameters begin: 2025-10-09T04:53:20.123Z-0400
[qbdi-host] detector-scratch stage=producer-entry caller=libsigner.so+0xf3c0 env=unidbg@0xfffe1640 context=unidbg@0x6b5176f2 scratch=unidbg@0xe4ffe9e8
[qbdi-host] detector-scratch stage=property-entry caller=libsigner.so+0x8d27c name=ro.bootloader output=unidbg@0xe4ffe260
[qbdi-host] detector-scratch stage=property-return caller=libsigner.so+0x8d27c name=ro.bootloader length=6 value=BHZ10i
[qbdi-host] detector-scratch stage=malloc-entry caller=libsigner.so+0x8bc40 size=7/0x7
[qbdi-host] detector-scratch stage=malloc-return caller=libsigner.so+0x8bc40 size=7/0x7 result=0x12317108
[qbdi-host] detector-scratch stage=property-entry caller=libsigner.so+0x8b248 name=ro.product.manufacturer output=unidbg@0xe4ffe260
[qbdi-host] detector-scratch stage=property-return caller=libsigner.so+0x8b248 name=ro.product.manufacturer length=3 value=LGE
[qbdi-host] detector-scratch stage=malloc-entry caller=libsigner.so+0x8ea34 size=4/0x4
[qbdi-host] detector-scratch stage=malloc-return caller=libsigner.so+0x8ea34 size=4/0x4 result=0x12317100
[qbdi-host] detector-scratch stage=property-entry caller=libsigner.so+0x8dd04 name=ro.product.model output=unidbg@0xe4ffe260
[qbdi-host] detector-scratch stage=property-return caller=libsigner.so+0x8dd04 name=ro.product.model length=8 value=Nexus 5X
[qbdi-host] detector-scratch stage=malloc-entry caller=libsigner.so+0x8e410 size=9/0x9
[qbdi-host] detector-scratch stage=malloc-return caller=libsigner.so+0x8e410 size=9/0x9 result=0x1231f140
[qbdi-host] detector-scratch stage=property-entry caller=libsigner.so+0x8c0ec name=ro.product.device output=unidbg@0xe4ffe260
[qbdi-host] detector-scratch stage=property-return caller=libsigner.so+0x8c0ec name=ro.product.device length=8 value=bullhead
[qbdi-host] detector-scratch stage=malloc-entry caller=libsigner.so+0x8c554 size=9/0x9
[qbdi-host] detector-scratch stage=malloc-return caller=libsigner.so+0x8c554 size=9/0x9 result=0x1231f150
[qbdi-host] detector-scratch stage=property-entry caller=libsigner.so+0x8eeac name=ro.build.display.id output=unidbg@0xe4ffe260
[qbdi-host] detector-scratch stage=property-return caller=libsigner.so+0x8eeac name=ro.build.display.id length=6 value=MDA89E
[qbdi-host] detector-scratch stage=malloc-entry caller=libsigner.so+0x8f2b0 size=7/0x7
[qbdi-host] detector-scratch stage=malloc-return caller=libsigner.so+0x8f2b0 size=7/0x7 result=0x123170f8
[qbdi-host] detector-scratch stage=property-entry caller=libsigner.so+0x8b5bc name=ro.product.name output=unidbg@0xe4ffe260
[qbdi-host] detector-scratch stage=property-return caller=libsigner.so+0x8b5bc name=ro.product.name length=8 value=bullhead
[qbdi-host] detector-scratch stage=malloc-entry caller=libsigner.so+0x8b8e4 size=9/0x9
[qbdi-host] detector-scratch stage=malloc-return caller=libsigner.so+0x8b8e4 size=9/0x9 result=0x1231f110
[qbdi-host] detector-scratch stage=property-entry caller=libsigner.so+0x8e960 name=ro.build.host output=unidbg@0xe4ffe260
[qbdi-host] detector-scratch stage=property-return caller=libsigner.so+0x8e960 name=ro.build.host length=26 value=vpef12.mtv.corp.google.com
[qbdi-host] detector-scratch stage=malloc-entry caller=libsigner.so+0x8aa4c size=27/0x1b
[qbdi-host] detector-scratch stage=malloc-return caller=libsigner.so+0x8aa4c size=27/0x1b result=0x12318360
[qbdi-host] detector-scratch stage=property-entry caller=libsigner.so+0x8d300 name=ro.build.fingerprint output=unidbg@0xe4ffe260
[qbdi-host] detector-scratch stage=property-return caller=libsigner.so+0x8d300 name=ro.build.fingerprint length=61 value=google/bullhead/bullhead:6.0/MDA89E/2296692:user/release-keys
[qbdi-host] detector-scratch stage=malloc-entry caller=libsigner.so+0x8b180 size=62/0x3e
[qbdi-host] detector-scratch stage=malloc-return caller=libsigner.so+0x8b180 size=62/0x3e result=0x1231ec40
[qbdi-host] detector-scratch stage=property-entry caller=libsigner.so+0x8b7b0 name=ro.build.type output=unidbg@0xe4ffe260
[qbdi-host] detector-scratch stage=property-return caller=libsigner.so+0x8b7b0 name=ro.build.type length=4 value=user
[qbdi-host] detector-scratch stage=malloc-entry caller=libsigner.so+0x8b888 size=5/0x5
[qbdi-host] detector-scratch stage=malloc-return caller=libsigner.so+0x8b888 size=5/0x5 result=0x123170f0
[qbdi-host] detector-scratch stage=property-entry caller=libsigner.so+0x8d9b4 name=ro.product.brand output=unidbg@0xe4ffe260
[qbdi-host] detector-scratch stage=property-return caller=libsigner.so+0x8d9b4 name=ro.product.brand length=6 value=google
[qbdi-host] detector-scratch stage=malloc-entry caller=libsigner.so+0x8d038 size=7/0x7
[qbdi-host] detector-scratch stage=malloc-return caller=libsigner.so+0x8d038 size=7/0x7 result=0x12317080
[qbdi-host] detector-scratch stage=property-entry caller=libsigner.so+0x8b36c name=ro.build.user output=unidbg@0xe4ffe260
[qbdi-host] detector-scratch stage=property-return caller=libsigner.so+0x8b36c name=ro.build.user length=13 value=android-build
[qbdi-host] detector-scratch stage=malloc-entry caller=libsigner.so+0x8c9d4 size=14/0xe
[qbdi-host] detector-scratch stage=malloc-return caller=libsigner.so+0x8c9d4 size=14/0xe result=0x1231f0c0
[qbdi-host] detector-scratch stage=property-entry caller=libsigner.so+0x8b9ac name=ro.hardware output=unidbg@0xe4ffe260
[qbdi-host] detector-scratch stage=property-return caller=libsigner.so+0x8b9ac name=ro.hardware length=8 value=bullhead
[qbdi-host] detector-scratch stage=malloc-entry caller=libsigner.so+0x8f250 size=9/0x9
[qbdi-host] detector-scratch stage=malloc-return caller=libsigner.so+0x8f250 size=9/0x9 result=0x1231f0f0
[qbdi-host] detector-scratch stage=property-entry caller=libsigner.so+0x8bd78 name=ro.product.cpu.abilist output=unidbg@0xe4ffe260
[qbdi-host] detector-scratch stage=property-return caller=libsigner.so+0x8bd78 name=ro.product.cpu.abilist length=29 value=arm64-v8a,armeabi-v7a,armeabi
[qbdi-host] detector-scratch stage=malloc-entry caller=libsigner.so+0x8db58 size=30/0x1e
[qbdi-host] detector-scratch stage=malloc-return caller=libsigner.so+0x8db58 size=30/0x1e result=0x12318580
[qbdi-host] detector-scratch stage=system-service-entry caller=libsigner.so+0x8af28 status=0x0 context=unidbg@0x6b5176f2 field=SENSOR_SERVICE output=unidbg@0xe4ffe350
[qbdi-host] detector-scratch stage=system-service-return status=0x0 field=SENSOR_SERVICE handle=0x6bab2585 type=android/hardware/SensorManager
[qbdi-host] detector-scratch stage=sensor-list-entry caller=libsigner.so+0x8cc64 status=0x0 manager=unidbg@0x6bab2585 type=-1 output=unidbg@0xe4ffe340
[qbdi-host] detector-scratch stage=sensor-list-return status=0x0 handle=0x74bdc168 type=java/util/ArrayList value=[android.hardware.Sensor@644c78d4]
[qbdi-host] detector-scratch stage=size-entry caller=libsigner.so+0x8da64 status=0x0 object=unidbg@0x74bdc168 output=unidbg@0xe4ffe330 initial=0x0
[qbdi-host] detector-scratch stage=size-return status=0x0 value=1/0x1
[qbdi-host] detector-scratch stage=get-entry caller=libsigner.so+0x8e35c status=0x0 object=unidbg@0x74bdc168 index=0 output=unidbg@0xe4ffe320 initial=0x0
[qbdi-host] detector-scratch stage=get-return status=0x0 index=0 handle=0x644c78d4 type=android/hardware/Sensor value=local.DeviceProfile$Sensor@470a696f
[qbdi-host] detector-scratch stage=sensor-name-entry caller=libsigner.so+0x8bf64 status=0x0 sensor=unidbg@0x644c78d4 output=unidbg@0xe4ffe310
[qbdi-host] detector-scratch stage=sensor-name-return status=0x0 handle=0x532a02d9 type=java/lang/String value=LSM6DSO
[qbdi-host] detector-scratch stage=sensor-utf-entry caller=libsigner.so+0x8ad40 status=0x0 string=unidbg@0x532a02d9 chars-output=unidbg@0xe4ffe2f0 length-output=unidbg@0xe4ffe2e0
[qbdi-host] detector-scratch stage=sensor-utf-return caller=libsigner.so+0x8ad40 status=0x0 string=unidbg@0x532a02d9 chars=0x12022000 length=7 value=LSM6DSO
[qbdi-host] detector-scratch stage=sensor-vendor-entry caller=libsigner.so+0x8ca78 status=0x0 sensor=unidbg@0x644c78d4 output=unidbg@0xe4ffe300
[qbdi-host] detector-scratch stage=sensor-vendor-return status=0x0 handle=0x611f8234 type=java/lang/String value=STMicroelectronics
[qbdi-host] detector-scratch stage=sensor-utf-entry caller=libsigner.so+0x8ec38 status=0x0 string=unidbg@0x611f8234 chars-output=unidbg@0xe4ffe2d0 length-output=unidbg@0xe4ffe2c0
[qbdi-host] detector-scratch stage=sensor-utf-return caller=libsigner.so+0x8ec38 status=0x0 string=unidbg@0x611f8234 chars=0x12023000 length=18 value=STMicroelectronics
[qbdi-host] detector-scratch stage=sensor-pair-entry caller=libsigner.so+0x8bcd0 first=LSM6DSO first-length=7 second=STMicroelectronics second-length=18 count=0
[qbdi-host] detector-scratch stage=sensor-pair-return status=0x0 first-length=7 second-length=18 count=1
[qbdi-host] detector-scratch stage=sensor-utf-release caller=libsigner.so+0x8a84c string=unidbg@0x532a02d9 chars=RW@0x12022000[libc++.so]0x2000
[qbdi-host] detector-scratch stage=sensor-utf-release caller=libsigner.so+0x8d114 string=unidbg@0x611f8234 chars=RW@0x12023000[libc++.so]0x3000
[qbdi-host] detector-scratch stage=delete-local-ref pc=libsigner.so+0x8e158 ref=unidbg@0x6bab2585 type=android/hardware/SensorManager value=service:sensor
[qbdi-host] detector-scratch stage=delete-local-ref pc=libsigner.so+0x8dbfc ref=unidbg@0x74bdc168 type=java/util/ArrayList value=[android.hardware.Sensor@644c78d4]
[qbdi-host] detector-scratch stage=delete-local-ref pc=libsigner.so+0x8cd38 ref=unidbg@0x644c78d4 type=android/hardware/Sensor value=local.DeviceProfile$Sensor@470a696f
[qbdi-host] detector-scratch stage=delete-local-ref pc=libsigner.so+0x8c22c ref=unidbg@0x532a02d9 type=java/lang/String value=LSM6DSO
[qbdi-host] detector-scratch stage=delete-local-ref pc=libsigner.so+0x8dde0 ref=unidbg@0x611f8234 type=java/lang/String value=STMicroelectronics
[qbdi-host] detector-scratch stage=system-resources-entry caller=libsigner.so+0x8c2a4 status=0x0 output=unidbg@0xe4ffe380
[qbdi-host] detector-scratch stage=system-resources-return status=0x0 handle=0x7bb3a9fe type=android/content/res/Resources value=system-resources
[qbdi-host] detector-scratch stage=display-metrics-entry caller=libsigner.so+0x8e9cc status=0x0 object=unidbg@0x7bb3a9fe output=unidbg@0xe4ffe370 initial=0x0
[qbdi-host] detector-scratch stage=display-metrics-return status=0x0 handle=0x7cbee484 type=android/util/DisplayMetrics
[qbdi-host] detector-scratch stage=int-field-entry caller=libsigner.so+0x8d568 name=widthPixels status=0x0 object=unidbg@0x7cbee484 output=unidbg@0xe4ffea48 scratch-offset=0x60 initial=0x0
[qbdi-host] detector-scratch stage=int-field-return pc=libsigner.so+0x8d568 name=widthPixels status=0x0 value=1440/0x5a0
[qbdi-host] detector-scratch stage=int-field-entry caller=libsigner.so+0x8c324 name=heightPixels status=0x0 object=unidbg@0x7cbee484 output=unidbg@0xe4ffea4c scratch-offset=0x64 initial=0x0
[qbdi-host] detector-scratch stage=int-field-return pc=libsigner.so+0x8c324 name=heightPixels status=0x0 value=3120/0xc30
[qbdi-host] detector-scratch stage=delete-local-ref pc=libsigner.so+0x8c754 ref=unidbg@0x7cbee484 type=android/util/DisplayMetrics value=display-metrics
[qbdi-host] detector-scratch stage=delete-local-ref pc=libsigner.so+0x8b53c ref=unidbg@0x7bb3a9fe type=android/content/res/Resources value=system-resources
[qbdi-host] detector-scratch stage=producer-return status=0x0 scratch=unidbg@0xe4ffe9e8 width-height-pair=0x5a0/0xc30 string-count=1
[qbdi-host] detector-scratch stage=raw-pointers +0x00=0x1231f110 +0x08=0x12317100 +0x10=0x12317080 +0x18=0x1231f140 +0x20=0x1231f150 +0x28=0x123170f8 +0x30=0x1231ec40 +0x38=0x123170f0 +0x40=0x1231f0f0 +0x48=0x12317108 +0x50=0x1231f0c0 +0x58=0x12318360 +0x68=0x12318580
[qbdi-host] detector-scratch stage=all-fields +0x00=bullhead +0x08=LGE +0x10=google +0x18=Nexus 5X +0x20=bullhead +0x28=MDA89E +0x30=google/bullhead/bullhead:6.0/MDA89E/2296692:user/release-keys +0x38=user +0x40=bullhead +0x48=BHZ10i +0x50=android-build +0x58=vpef12.mtv.corp.google.com +0x68=arm64-v8a,armeabi-v7a,armeabi
[qbdi-host] detector-scratch stage=fixed-fields +0x00=bullhead +0x08=LGE +0x10=google +0x18=Nexus 5X +0x20=bullhead +0x30=google/bullhead/bullhead:6.0/MDA89E/2296692:user/release-keys +0x38=user +0x40=bullhead +0x50=android-build
[qbdi-host] detector-scratch stage=dynamic-pairs [0]=LSM6DSO|STMicroelectronics
[main]V/signer: Signing all the parameters end  : 2025-10-09T04:53:20.123Z-0400
[main]V/signer: Signing all the parameters begin: 2025-10-09T04:53:20.123Z-0400
[qbdi-host] detector-scratch stage=producer-entry caller=libsigner.so+0xf3c0 env=unidbg@0xfffe1640 context=unidbg@0x127e70c5 scratch=unidbg@0xe4ffe9e8
[qbdi-host] detector-scratch stage=property-entry caller=libsigner.so+0x8d27c name=ro.bootloader output=unidbg@0xe4ffe260
[qbdi-host] detector-scratch stage=property-return caller=libsigner.so+0x8d27c name=ro.bootloader length=6 value=BHZ10i
[qbdi-host] detector-scratch stage=malloc-entry caller=libsigner.so+0x8bc40 size=7/0x7
[qbdi-host] detector-scratch stage=malloc-return caller=libsigner.so+0x8bc40 size=7/0x7 result=0x12317120
[qbdi-host] detector-scratch stage=property-entry caller=libsigner.so+0x8b248 name=ro.product.manufacturer output=unidbg@0xe4ffe260
[qbdi-host] detector-scratch stage=property-return caller=libsigner.so+0x8b248 name=ro.product.manufacturer length=3 value=LGE
[qbdi-host] detector-scratch stage=malloc-entry caller=libsigner.so+0x8ea34 size=4/0x4
[qbdi-host] detector-scratch stage=malloc-return caller=libsigner.so+0x8ea34 size=4/0x4 result=0x12317118
[qbdi-host] detector-scratch stage=property-entry caller=libsigner.so+0x8dd04 name=ro.product.model output=unidbg@0xe4ffe260
[qbdi-host] detector-scratch stage=property-return caller=libsigner.so+0x8dd04 name=ro.product.model length=8 value=Nexus 5X
[qbdi-host] detector-scratch stage=malloc-entry caller=libsigner.so+0x8e410 size=9/0x9
[qbdi-host] detector-scratch stage=malloc-return caller=libsigner.so+0x8e410 size=9/0x9 result=0x1231f0e0
[qbdi-host] detector-scratch stage=property-entry caller=libsigner.so+0x8c0ec name=ro.product.device output=unidbg@0xe4ffe260
[qbdi-host] detector-scratch stage=property-return caller=libsigner.so+0x8c0ec name=ro.product.device length=8 value=bullhead
[qbdi-host] detector-scratch stage=malloc-entry caller=libsigner.so+0x8c554 size=9/0x9
[qbdi-host] detector-scratch stage=malloc-return caller=libsigner.so+0x8c554 size=9/0x9 result=0x1231f160
[qbdi-host] detector-scratch stage=property-entry caller=libsigner.so+0x8eeac name=ro.build.display.id output=unidbg@0xe4ffe260
[qbdi-host] detector-scratch stage=property-return caller=libsigner.so+0x8eeac name=ro.build.display.id length=6 value=MDA89E
[qbdi-host] detector-scratch stage=malloc-entry caller=libsigner.so+0x8f2b0 size=7/0x7
[qbdi-host] detector-scratch stage=malloc-return caller=libsigner.so+0x8f2b0 size=7/0x7 result=0x123170e8
[qbdi-host] detector-scratch stage=property-entry caller=libsigner.so+0x8b5bc name=ro.product.name output=unidbg@0xe4ffe260
[qbdi-host] detector-scratch stage=property-return caller=libsigner.so+0x8b5bc name=ro.product.name length=8 value=bullhead
[qbdi-host] detector-scratch stage=malloc-entry caller=libsigner.so+0x8b8e4 size=9/0x9
[qbdi-host] detector-scratch stage=malloc-return caller=libsigner.so+0x8b8e4 size=9/0x9 result=0x1231f120
[qbdi-host] detector-scratch stage=property-entry caller=libsigner.so+0x8e960 name=ro.build.host output=unidbg@0xe4ffe260
[qbdi-host] detector-scratch stage=property-return caller=libsigner.so+0x8e960 name=ro.build.host length=26 value=vpef12.mtv.corp.google.com
[qbdi-host] detector-scratch stage=malloc-entry caller=libsigner.so+0x8aa4c size=27/0x1b
[qbdi-host] detector-scratch stage=malloc-return caller=libsigner.so+0x8aa4c size=27/0x1b result=0x12318560
[qbdi-host] detector-scratch stage=property-entry caller=libsigner.so+0x8d300 name=ro.build.fingerprint output=unidbg@0xe4ffe260
[qbdi-host] detector-scratch stage=property-return caller=libsigner.so+0x8d300 name=ro.build.fingerprint length=61 value=google/bullhead/bullhead:6.0/MDA89E/2296692:user/release-keys
[qbdi-host] detector-scratch stage=malloc-entry caller=libsigner.so+0x8b180 size=62/0x3e
[qbdi-host] detector-scratch stage=malloc-return caller=libsigner.so+0x8b180 size=62/0x3e result=0x1231ec40
[qbdi-host] detector-scratch stage=property-entry caller=libsigner.so+0x8b7b0 name=ro.build.type output=unidbg@0xe4ffe260
[qbdi-host] detector-scratch stage=property-return caller=libsigner.so+0x8b7b0 name=ro.build.type length=4 value=user
[qbdi-host] detector-scratch stage=malloc-entry caller=libsigner.so+0x8b888 size=5/0x5
[qbdi-host] detector-scratch stage=malloc-return caller=libsigner.so+0x8b888 size=5/0x5 result=0x123170e0
[qbdi-host] detector-scratch stage=property-entry caller=libsigner.so+0x8d9b4 name=ro.product.brand output=unidbg@0xe4ffe260
[qbdi-host] detector-scratch stage=property-return caller=libsigner.so+0x8d9b4 name=ro.product.brand length=6 value=google
[qbdi-host] detector-scratch stage=malloc-entry caller=libsigner.so+0x8d038 size=7/0x7
[qbdi-host] detector-scratch stage=malloc-return caller=libsigner.so+0x8d038 size=7/0x7 result=0x12317080
[qbdi-host] detector-scratch stage=property-entry caller=libsigner.so+0x8b36c name=ro.build.user output=unidbg@0xe4ffe260
[qbdi-host] detector-scratch stage=property-return caller=libsigner.so+0x8b36c name=ro.build.user length=13 value=android-build
[qbdi-host] detector-scratch stage=malloc-entry caller=libsigner.so+0x8c9d4 size=14/0xe
[qbdi-host] detector-scratch stage=malloc-return caller=libsigner.so+0x8c9d4 size=14/0xe result=0x1231f140
[qbdi-host] detector-scratch stage=property-entry caller=libsigner.so+0x8b9ac name=ro.hardware output=unidbg@0xe4ffe260
[qbdi-host] detector-scratch stage=property-return caller=libsigner.so+0x8b9ac name=ro.hardware length=8 value=bullhead
[qbdi-host] detector-scratch stage=malloc-entry caller=libsigner.so+0x8f250 size=9/0x9
[qbdi-host] detector-scratch stage=malloc-return caller=libsigner.so+0x8f250 size=9/0x9 result=0x1231f0c0
[qbdi-host] detector-scratch stage=property-entry caller=libsigner.so+0x8bd78 name=ro.product.cpu.abilist output=unidbg@0xe4ffe260
[qbdi-host] detector-scratch stage=property-return caller=libsigner.so+0x8bd78 name=ro.product.cpu.abilist length=29 value=arm64-v8a,armeabi-v7a,armeabi
[qbdi-host] detector-scratch stage=malloc-entry caller=libsigner.so+0x8db58 size=30/0x1e
[qbdi-host] detector-scratch stage=malloc-return caller=libsigner.so+0x8db58 size=30/0x1e result=0x123185c0
[qbdi-host] detector-scratch stage=system-service-entry caller=libsigner.so+0x8af28 status=0x0 context=unidbg@0x127e70c5 field=SENSOR_SERVICE output=unidbg@0xe4ffe350
[qbdi-host] detector-scratch stage=system-service-return status=0x0 field=SENSOR_SERVICE handle=0x21ca139c type=android/hardware/SensorManager
[qbdi-host] detector-scratch stage=sensor-list-entry caller=libsigner.so+0x8cc64 status=0x0 manager=unidbg@0x21ca139c type=-1 output=unidbg@0xe4ffe340
[qbdi-host] detector-scratch stage=sensor-list-return status=0x0 handle=0x226f885f type=java/util/ArrayList value=[android.hardware.Sensor@2cd2c8fe]
[qbdi-host] detector-scratch stage=size-entry caller=libsigner.so+0x8da64 status=0x0 object=unidbg@0x226f885f output=unidbg@0xe4ffe330 initial=0x0
[qbdi-host] detector-scratch stage=size-return status=0x0 value=1/0x1
[qbdi-host] detector-scratch stage=get-entry caller=libsigner.so+0x8e35c status=0x0 object=unidbg@0x226f885f index=0 output=unidbg@0xe4ffe320 initial=0x0
[qbdi-host] detector-scratch stage=get-return status=0x0 index=0 handle=0x2cd2c8fe type=android/hardware/Sensor value=local.DeviceProfile$Sensor@470a696f
[qbdi-host] detector-scratch stage=sensor-name-entry caller=libsigner.so+0x8bf64 status=0x0 sensor=unidbg@0x2cd2c8fe output=unidbg@0xe4ffe310
[qbdi-host] detector-scratch stage=sensor-name-return status=0x0 handle=0x7d61eccf type=java/lang/String value=LSM6DSO
[qbdi-host] detector-scratch stage=sensor-utf-entry caller=libsigner.so+0x8ad40 status=0x0 string=unidbg@0x7d61eccf chars-output=unidbg@0xe4ffe2f0 length-output=unidbg@0xe4ffe2e0
[qbdi-host] detector-scratch stage=sensor-utf-return caller=libsigner.so+0x8ad40 status=0x0 string=unidbg@0x7d61eccf chars=0x12022000 length=7 value=LSM6DSO
[qbdi-host] detector-scratch stage=sensor-vendor-entry caller=libsigner.so+0x8ca78 status=0x0 sensor=unidbg@0x2cd2c8fe output=unidbg@0xe4ffe300
[qbdi-host] detector-scratch stage=sensor-vendor-return status=0x0 handle=0xcc6460c type=java/lang/String value=STMicroelectronics
[qbdi-host] detector-scratch stage=sensor-utf-entry caller=libsigner.so+0x8ec38 status=0x0 string=unidbg@0xcc6460c chars-output=unidbg@0xe4ffe2d0 length-output=unidbg@0xe4ffe2c0
[qbdi-host] detector-scratch stage=sensor-utf-return caller=libsigner.so+0x8ec38 status=0x0 string=unidbg@0xcc6460c chars=0x12023000 length=18 value=STMicroelectronics
[qbdi-host] detector-scratch stage=sensor-pair-entry caller=libsigner.so+0x8bcd0 first=LSM6DSO first-length=7 second=STMicroelectronics second-length=18 count=0
[qbdi-host] detector-scratch stage=sensor-pair-return status=0x0 first-length=7 second-length=18 count=1
[qbdi-host] detector-scratch stage=sensor-utf-release caller=libsigner.so+0x8a84c string=unidbg@0x7d61eccf chars=RW@0x12022000[libc++.so]0x2000
[qbdi-host] detector-scratch stage=sensor-utf-release caller=libsigner.so+0x8d114 string=unidbg@0xcc6460c chars=RW@0x12023000[libc++.so]0x3000
[qbdi-host] detector-scratch stage=delete-local-ref pc=libsigner.so+0x8e158 ref=unidbg@0x21ca139c type=android/hardware/SensorManager value=service:sensor
[qbdi-host] detector-scratch stage=delete-local-ref pc=libsigner.so+0x8dbfc ref=unidbg@0x226f885f type=java/util/ArrayList value=[android.hardware.Sensor@2cd2c8fe]
[qbdi-host] detector-scratch stage=delete-local-ref pc=libsigner.so+0x8cd38 ref=unidbg@0x2cd2c8fe type=android/hardware/Sensor value=local.DeviceProfile$Sensor@470a696f
[qbdi-host] detector-scratch stage=delete-local-ref pc=libsigner.so+0x8c22c ref=unidbg@0x7d61eccf type=java/lang/String value=LSM6DSO
[qbdi-host] detector-scratch stage=delete-local-ref pc=libsigner.so+0x8dde0 ref=unidbg@0xcc6460c type=java/lang/String value=STMicroelectronics
[qbdi-host] detector-scratch stage=system-resources-entry caller=libsigner.so+0x8c2a4 status=0x0 output=unidbg@0xe4ffe380
[qbdi-host] detector-scratch stage=system-resources-return status=0x0 handle=0x52350abb type=android/content/res/Resources value=system-resources
[qbdi-host] detector-scratch stage=display-metrics-entry caller=libsigner.so+0x8e9cc status=0x0 object=unidbg@0x52350abb output=unidbg@0xe4ffe370 initial=0x0
[qbdi-host] detector-scratch stage=display-metrics-return status=0x0 handle=0x681aad3b type=android/util/DisplayMetrics
[qbdi-host] detector-scratch stage=int-field-entry caller=libsigner.so+0x8d568 name=widthPixels status=0x0 object=unidbg@0x681aad3b output=unidbg@0xe4ffea48 scratch-offset=0x60 initial=0x0
[qbdi-host] detector-scratch stage=int-field-return pc=libsigner.so+0x8d568 name=widthPixels status=0x0 value=1440/0x5a0
[qbdi-host] detector-scratch stage=int-field-entry caller=libsigner.so+0x8c324 name=heightPixels status=0x0 object=unidbg@0x681aad3b output=unidbg@0xe4ffea4c scratch-offset=0x64 initial=0x0
[qbdi-host] detector-scratch stage=int-field-return pc=libsigner.so+0x8c324 name=heightPixels status=0x0 value=3120/0xc30
[qbdi-host] detector-scratch stage=delete-local-ref pc=libsigner.so+0x8c754 ref=unidbg@0x681aad3b type=android/util/DisplayMetrics value=display-metrics
[qbdi-host] detector-scratch stage=delete-local-ref pc=libsigner.so+0x8b53c ref=unidbg@0x52350abb type=android/content/res/Resources value=system-resources
[qbdi-host] detector-scratch stage=producer-return status=0x0 scratch=unidbg@0xe4ffe9e8 width-height-pair=0x5a0/0xc30 string-count=1
[qbdi-host] detector-scratch stage=raw-pointers +0x00=0x1231f120 +0x08=0x12317118 +0x10=0x12317080 +0x18=0x1231f0e0 +0x20=0x1231f160 +0x28=0x123170e8 +0x30=0x1231ec40 +0x38=0x123170e0 +0x40=0x1231f0c0 +0x48=0x12317120 +0x50=0x1231f140 +0x58=0x12318560 +0x68=0x123185c0
[qbdi-host] detector-scratch stage=all-fields +0x00=bullhead +0x08=LGE +0x10=google +0x18=Nexus 5X +0x20=bullhead +0x28=MDA89E +0x30=google/bullhead/bullhead:6.0/MDA89E/2296692:user/release-keys +0x38=user +0x40=bullhead +0x48=BHZ10i +0x50=android-build +0x58=vpef12.mtv.corp.google.com +0x68=arm64-v8a,armeabi-v7a,armeabi
[qbdi-host] detector-scratch stage=fixed-fields +0x00=bullhead +0x08=LGE +0x10=google +0x18=Nexus 5X +0x20=bullhead +0x30=google/bullhead/bullhead:6.0/MDA89E/2296692:user/release-keys +0x38=user +0x40=bullhead +0x50=android-build
[qbdi-host] detector-scratch stage=dynamic-pairs [0]=LSM6DSO|STMicroelectronics
[main]V/signer: Signing all the parameters end  : 2025-10-09T04:53:20.123Z-0400
]]></system-err>
  </testcase>
</testsuite>