Start testing: Jul 10 19:07 CST
----------------------------------------------------------
1/1 Testing: trace_schema_test
1/1 Test: trace_schema_test
Command: "/Users/sanbo/Desktop/p/runtime/qbdi/build/trace_schema_test"
Directory: /Users/sanbo/Desktop/p/runtime/qbdi/build
"trace_schema_test" start time: Jul 10 19:07 CST
Output:
----------------------------------------------------------
<end of output>
Test time =   0.49 sec
----------------------------------------------------------
Test Passed.
"trace_schema_test" end time: Jul 10 19:07 CST
"trace_schema_test" time elapsed: 00:00:00
----------------------------------------------------------

End testing: Jul 10 19:07 CST
