<?xml version="1.0" encoding="UTF-8"?>
<testsuite xmlns:xsi="http://www.w3.org/2001/XMLSchema-instance" xsi:noNamespaceSchemaLocation="https://maven.apache.org/surefire/maven-surefire-plugin/xsd/surefire-test-report-3.0.xsd" version="3.0" name="com.adjust.research.AndroidRuntimeJniTest" time="1.063" tests="2" errors="0" skipped="0" failures="0">
  <properties>
[...]
</properties>
  <testcase name="exposesSdk28SigningInfoFromPackageInfo" classname="com.adjust.research.AndroidRuntimeJniTest" time="0.966"/>
  <testcase name="bridgesContextPackageAndOrderedMapObjects" classname="com.adjust.research.AndroidRuntimeJniTest" time="0.095"/>
</testsuite>